Received JSON: {"order_id":1747050106,"amount":99.99}
Prepared Data: Array
(
    [merchant_id] => 10038712
    [merchant_key] => k3574bcwibn8l
    [return_url] => http://localhost/e-shop/public/checkout/thank_you
    [cancel_url] => http://localhost/e-shop/public/checkout/summary
    [notify_url] => http://localhost/e-shop/public/payment/index
    [name_first] => Customer
    [name_last] => Purchase
    [email_address] => customer@example.com
    [m_payment_id] => 1747050106
    [amount] => 99.99
    [item_name] => Order #1747050106
)

PayFast Param String: merchant_id=10038712&merchant_key=k3574bcwibn8l&return_url=http%3A%2F%2Flocalhost%2Fe-shop%2Fpublic%2Fcheckout%2Fthank_you&cancel_url=http%3A%2F%2Flocalhost%2Fe-shop%2Fpublic%2Fcheckout%2Fsummary&notify_url=http%3A%2F%2Flocalhost%2Fe-shop%2Fpublic%2Fpayment%2Findex&name_first=Customer&name_last=Purchase&email_address=customer%40example.com&m_payment_id=1747050106&amount=99.99&item_name=Order+%231747050106&signature=216260ad63029467e8917d8846797fda
Error: Failed to generate payment identifier
Trace: #0 C:\xampp\htdocs\e-shop\app\core\app.php(33): Payment->process('home')
#1 C:\xampp\htdocs\e-shop\public\index.php(13): App->__construct()
#2 {main}
